2026-02-19 08:41:22,741 [Worker-4: Loading available Gradle versions] INFO  o.e.b.c.i.u.g.PublishedGradleVersions - Gradle version information cache is out-of-date. Trying to update.
2026-02-19 08:47:29,979 [Worker-4: Loading available Gradle versions] INFO  o.e.b.c.i.u.g.PublishedGradleVersions - Gradle version information cache is up-to-date. Trying to read.
2026-02-19 08:48:17,543 [Worker-5: Loading available Gradle versions] INFO  o.e.b.c.i.u.g.PublishedGradleVersions - Gradle version information cache is up-to-date. Trying to read.
2026-02-19 08:52:16,605 [Worker-3: Loading available Gradle versions] INFO  o.e.b.c.i.u.g.PublishedGradleVersions - Gradle version information cache is up-to-date. Trying to read.
2026-02-19 14:14:22,798 [Worker-108: Loading available Gradle versions] INFO  o.e.b.c.i.u.g.PublishedGradleVersions - Gradle version information cache is up-to-date. Trying to read.
2026-02-20 09:02:08,234 [Worker-6: Loading available Gradle versions] INFO  o.e.b.c.i.u.g.PublishedGradleVersions - Gradle version information cache is out-of-date. Trying to update.
2026-02-23 09:00:59,110 [Worker-1: Loading available Gradle versions] INFO  o.e.b.c.i.u.g.PublishedGradleVersions - Gradle version information cache is out-of-date. Trying to update.
2026-02-24 08:46:46,561 [Worker-118: Loading available Gradle versions] INFO  o.e.b.c.i.u.g.PublishedGradleVersions - Gradle version information cache is up-to-date. Trying to read.
2026-02-25 08:41:05,061 [Worker-0: Loading available Gradle versions] INFO  o.e.b.c.i.u.g.PublishedGradleVersions - Gradle version information cache is out-of-date. Trying to update.
2026-02-26 08:52:02,013 [Worker-3: Loading available Gradle versions] INFO  o.e.b.c.i.u.g.PublishedGradleVersions - Gradle version information cache is out-of-date. Trying to update.
2026-02-27 09:10:28,742 [Worker-0: Loading available Gradle versions] INFO  o.e.b.c.i.u.g.PublishedGradleVersions - Gradle version information cache is out-of-date. Trying to update.
2026-03-03 08:56:42,571 [Worker-2: Loading available Gradle versions] INFO  o.e.b.c.i.u.g.PublishedGradleVersions - Gradle version information cache is out-of-date. Trying to update.
2026-03-03 09:08:45,250 [main] INFO  org.eclipse.jetty.util.log - Logging initialized @732242ms to org.eclipse.jetty.util.log.Slf4jLog
2026-03-03 09:08:45,314 [main] INFO  org.eclipse.jetty.server.Server - jetty-9.4.27.v20200227; built: 2020-03-02T14:40:42.212Z; git: a304fd9f351f337e7c0e2a7c28878dd536149c6c; jvm 11.0.26+7-LTS-187
2026-03-03 09:08:45,333 [main] INFO  org.eclipse.jetty.server.session - DefaultSessionIdManager workerName=node0
2026-03-03 09:08:45,333 [main] INFO  org.eclipse.jetty.server.session - No SessionScavenger set, using defaults
2026-03-03 09:08:45,333 [main] INFO  org.eclipse.jetty.server.session - node0 Scavenging every 600000ms
2026-03-03 09:08:45,350 [main] INFO  o.e.j.server.handler.ContextHandler - Started o.e.j.s.ServletContextHandler@4f760fd8{/wse,null,AVAILABLE}
2026-03-03 09:08:45,367 [main] INFO  o.e.jetty.server.AbstractConnector - Started ServerConnector@51e74653{HTTP/1.1, (http/1.1)}{0.0.0.0:54186}
2026-03-03 09:08:45,367 [main] INFO  org.eclipse.jetty.server.Server - Started @732361ms
2026-03-03 09:08:45,367 [main] INFO  org.eclipse.jetty.server.session - node0 Scavenging every 600000ms
2026-03-03 17:53:15,979 [Framework stop] INFO  o.e.jetty.server.AbstractConnector - Stopped ServerConnector@51e74653{HTTP/1.1, (http/1.1)}{0.0.0.0:0}
2026-03-03 17:53:15,979 [Framework stop] INFO  org.eclipse.jetty.server.session - node0 Stopped scavenging
2026-03-03 17:53:16,002 [Framework stop] INFO  o.e.j.server.handler.ContextHandler - Stopped o.e.j.s.ServletContextHandler@4f760fd8{/wse,null,UNAVAILABLE}
2026-03-04 08:48:49,205 [Worker-6: Loading available Gradle versions] INFO  o.e.b.c.i.u.g.PublishedGradleVersions - Gradle version information cache is up-to-date. Trying to read.
2026-03-05 08:48:09,634 [Worker-3: Loading available Gradle versions] INFO  o.e.b.c.i.u.g.PublishedGradleVersions - Gradle version information cache is out-of-date. Trying to update.
2026-03-05 15:24:47,668 [Worker-0: Loading available Gradle versions] INFO  o.e.b.c.i.u.g.PublishedGradleVersions - Gradle version information cache is up-to-date. Trying to read.
2026-03-05 15:48:42,465 [Worker-0: Loading available Gradle versions] INFO  o.e.b.c.i.u.g.PublishedGradleVersions - Gradle version information cache is up-to-date. Trying to read.
